<?xml version="1.0" encoding="UTF-8"?>
<!-- Generated by org.testng.reporters.JUnitXMLReporter -->
<testsuite hostname="testusers-MacBook-Pro.local" ignored="0" name="Chrome" tests="1" failures="1" timestamp="2019-04-18T10:26:50 CEST" time="0.051" errors="0">
  <testcase name="Checkout" time="0.007" classname="automation.FullCheckoutTest">
    <failure type="java.lang.NullPointerException">
      <![CDATA[java.lang.NullPointerException
at ami.framework.configReader.getDriverPath(configReader.java:39)
at automation.FullCheckoutTest.Checkout(FullCheckoutTest.java:38)
... Removed 25 stack frames]]>
    </failure>
  </testcase> <!-- Checkout -->
</testsuite> <!-- Chrome -->
