<?xml version="1.0" encoding="UTF-8"?>
<testng-results skipped="0" failed="0" ignored="0" total="1" passed="1">
  <reporter-output>
  </reporter-output>
  <suite name="Default suite" duration-ms="24574" started-at="2019-04-18T10:29:53 CEST" finished-at="2019-04-18T10:30:17 CEST">
    <groups>
    </groups>
    <test name="Default test" duration-ms="24574" started-at="2019-04-18T10:29:53 CEST" finished-at="2019-04-18T10:30:17 CEST">
      <class name="automation.FullCheckoutTest">
        <test-method status="PASS" signature="init()[pri:0, instance:automation.FullCheckoutTest@20398b7c]" name="init" is-config="true" duration-ms="15" started-at="2019-04-18T10:29:53 CEST" finished-at="2019-04-18T10:29:53 CEST">
          <reporter-output>
          </reporter-output>
        </test-method> <!-- init -->
        <test-method status="PASS" signature="Checkout()[pri:0, instance:automation.FullCheckoutTest@20398b7c]" name="Checkout" duration-ms="24530" started-at="2019-04-18T10:29:53 CEST" finished-at="2019-04-18T10:30:17 CEST">
          <reporter-output>
          </reporter-output>
        </test-method> <!-- Checkout -->
      </class> <!-- automation.FullCheckoutTest -->
    </test> <!-- Default test -->
  </suite> <!-- Default suite -->
</testng-results>
