<?xml version="1.0" encoding="UTF-8"?>
<testng-results skipped="0" failed="0" ignored="0" total="1" passed="1">
  <reporter-output>
  </reporter-output>
  <suite name="Suite" duration-ms="21099" started-at="2019-04-22T23:11:43 CEST" finished-at="2019-04-22T23:12:04 CEST">
    <groups>
    </groups>
    <test name="Chrome" duration-ms="21099" started-at="2019-04-22T23:11:43 CEST" finished-at="2019-04-22T23:12:04 CEST">
      <class name="automation.FullCheckoutTest">
        <test-method status="PASS" signature="init(java.lang.String)[pri:0, instance:automation.FullCheckoutTest@2286778]" name="init" is-config="true" duration-ms="6780" started-at="2019-04-22T23:11:43 CEST" finished-at="2019-04-22T23:11:50 CEST">
          <params>
            <param index="0">
              <value>
                <![CDATA[Chrome]]>
              </value>
            </param>
          </params>
          <reporter-output>
          </reporter-output>
        </test-method> <!-- init -->
        <test-method status="PASS" signature="Checkout()[pri:0, instance:automation.FullCheckoutTest@2286778]" name="Checkout" duration-ms="14291" started-at="2019-04-22T23:11:50 CEST" finished-at="2019-04-22T23:12:04 CEST">
          <reporter-output>
          </reporter-output>
        </test-method> <!-- Checkout -->
      </class> <!-- automation.FullCheckoutTest -->
    </test> <!-- Chrome -->
  </suite> <!-- Suite -->
</testng-results>
